2024-11-17 19:21:00,053 - src.player.radio_player - INFO - Volume set to 10%
2024-11-17 19:21:00,054 - src.hardware.rotary_handler - INFO - Volume down: 15 -> 10
2024-11-17 19:21:00,077 - src.player.radio_player - INFO - Volume set to 5%
2024-11-17 19:21:00,078 - src.hardware.rotary_handler - INFO - Volume down: 10 -> 5
2024-11-17 19:21:00,096 - src.player.radio_player - INFO - Volume set to 10%
2024-11-17 19:21:00,098 - src.hardware.rotary_handler - INFO - Volume up: 5 -> 10
2024-11-17 19:21:00,138 - src.player.radio_player - INFO - Volume set to 5%
2024-11-17 19:21:00,138 - src.hardware.rotary_handler - INFO - Volume down: 10 -> 5
2024-11-17 19:21:00,154 - src.player.radio_player - INFO - Volume set to 0%
2024-11-17 19:21:00,155 - src.hardware.rotary_handler - INFO - Volume down: 5 -> 0
2024-11-17 19:21:00,322 - src.player.radio_player - INFO - Volume set to 0%
2024-11-17 19:21:00,322 - src.hardware.rotary_handler - INFO - Volume down: 0 -> 0
2024-11-17 19:21:00,341 - src.player.radio_player - INFO - Volume set to 0%
2024-11-17 19:21:00,342 - src.hardware.rotary_handler - INFO - Volume down: 0 -> 0
2024-11-17 19:21:00,428 - src.player.radio_player - INFO - Volume set to 0%
2024-11-17 19:21:00,429 - src.hardware.rotary_handler - INFO - Volume down: 0 -> 0
2024-11-17 19:21:00,459 - src.player.radio_player - INFO - Volume set to 0%
2024-11-17 19:21:00,460 - src.hardware.rotary_handler - INFO - Volume down: 0 -> 0
2024-11-17 19:21:00,483 - src.player.radio_player - INFO - Volume set to 0%
2024-11-17 19:21:00,484 - src.hardware.rotary_handler - INFO - Volume down: 0 -> 0
2024-11-17 19:21:00,497 - src.player.radio_player - INFO - Volume set to 0%
2024-11-17 19:21:00,498 - src.hardware.rotary_handler - INFO - Volume down: 0 -> 0
2024-11-17 19:21:00,818 - src.player.radio_player - INFO - Volume set to 5%
2024-11-17 19:21:00,819 - src.hardware.rotary_handler - INFO - Volume up: 0 -> 5
2024-11-17 19:21:00,835 - src.player.radio_player - INFO - Volume set to 0%
2024-11-17 19:21:00,836 - src.hardware.rotary_handler - INFO - Volume down: 5 -> 0
2024-11-17 19:21:00,853 - src.player.radio_player - INFO - Volume set to 5%
2024-11-17 19:21:00,853 - src.hardware.rotary_handler - INFO - Volume up: 0 -> 5
2024-11-17 19:21:00,869 - src.player.radio_player - INFO - Volume set to 0%
2024-11-17 19:21:00,870 - src.hardware.rotary_handler - INFO - Volume down: 5 -> 0
2024-11-17 19:21:00,886 - src.player.radio_player - INFO - Volume set to 0%
2024-11-17 19:21:00,887 - src.hardware.rotary_handler - INFO - Volume down: 0 -> 0
2024-11-17 19:21:00,901 - src.player.radio_player - INFO - Volume set to 0%
2024-11-17 19:21:00,901 - src.hardware.rotary_handler - INFO - Volume down: 0 -> 0
2024-11-17 19:21:00,960 - src.player.radio_player - INFO - Volume set to 5%
2024-11-17 19:21:00,960 - src.hardware.rotary_handler - INFO - Volume up: 0 -> 5
2024-11-17 19:21:00,983 - src.player.radio_player - INFO - Volume set to 10%
2024-11-17 19:21:00,983 - src.hardware.rotary_handler - INFO - Volume up: 5 -> 10
2024-11-17 19:21:01,111 - src.player.radio_player - INFO - Volume set to 15%
2024-11-17 19:21:01,112 - src.hardware.rotary_handler - INFO - Volume up: 10 -> 15
2024-11-17 19:21:01,129 - src.player.radio_player - INFO - Volume set to 10%
2024-11-17 19:21:01,130 - src.hardware.rotary_handler - INFO - Volume down: 15 -> 10
2024-11-17 19:21:01,148 - src.player.radio_player - INFO - Volume set to 5%
2024-11-17 19:21:01,148 - src.hardware.rotary_handler - INFO - Volume down: 10 -> 5
2024-11-17 19:21:01,164 - src.player.radio_player - INFO - Volume set to 0%
2024-11-17 19:21:01,166 - src.hardware.rotary_handler - INFO - Volume down: 5 -> 0
2024-11-17 19:21:01,190 - src.player.radio_player - INFO - Volume set to 5%
2024-11-17 19:21:01,191 - src.hardware.rotary_handler - INFO - Volume up: 0 -> 5
2024-11-17 19:21:01,207 - src.player.radio_player - INFO - Volume set to 0%
2024-11-17 19:21:01,208 - src.hardware.rotary_handler - INFO - Volume down: 5 -> 0
2024-11-17 19:21:02,005 - src.player.radio_player - INFO - Volume set to 5%
2024-11-17 19:21:02,006 - src.hardware.rotary_handler - INFO - Volume up: 0 -> 5
2024-11-17 19:21:02,023 - src.player.radio_player - INFO - Volume set to 0%
2024-11-17 19:21:02,024 - src.hardware.rotary_handler - INFO - Volume down: 5 -> 0
2024-11-17 19:21:02,039 - src.player.radio_player - INFO - Volume set to 0%
2024-11-17 19:21:02,040 - src.hardware.rotary_handler - INFO - Volume down: 0 -> 0
2024-11-17 19:21:02,057 - src.player.radio_player - INFO - Volume set to 5%
2024-11-17 19:21:02,058 - src.hardware.rotary_handler - INFO - Volume up: 0 -> 5
2024-11-17 19:21:02,074 - src.player.radio_player - INFO - Volume set to 0%
2024-11-17 19:21:02,075 - src.hardware.rotary_handler - INFO - Volume down: 5 -> 0
2024-11-17 19:21:02,092 - src.player.radio_player - INFO - Volume set to 0%
2024-11-17 19:21:02,092 - src.hardware.rotary_handler - INFO - Volume down: 0 -> 0
2024-11-17 19:21:02,135 - src.player.radio_player - INFO - Volume set to 5%
2024-11-17 19:21:02,136 - src.hardware.rotary_handler - INFO - Volume up: 0 -> 5
2024-11-17 19:21:02,156 - src.player.radio_player - INFO - Volume set to 10%
2024-11-17 19:21:02,157 - src.hardware.rotary_handler - INFO - Volume up: 5 -> 10
2024-11-17 19:21:02,189 - src.player.radio_player - INFO - Volume set to 15%
2024-11-17 19:21:02,189 - src.hardware.rotary_handler - INFO - Volume up: 10 -> 15
2024-11-17 19:21:02,205 - src.player.radio_player - INFO - Volume set to 10%
2024-11-17 19:21:02,205 - src.hardware.rotary_handler - INFO - Volume down: 15 -> 10
2024-11-17 19:21:02,224 - src.player.radio_player - INFO - Volume set to 15%
2024-11-17 19:21:02,225 - src.hardware.rotary_handler - INFO - Volume up: 10 -> 15
2024-11-17 19:21:02,240 - src.player.radio_player - INFO - Volume set to 20%
2024-11-17 19:21:02,241 - src.hardware.rotary_handler - INFO - Volume up: 15 -> 20
2024-11-17 19:21:02,286 - src.player.radio_player - INFO - Volume set to 25%
2024-11-17 19:21:02,286 - src.hardware.rotary_handler - INFO - Volume up: 20 -> 25
2024-11-17 19:21:02,323 - src.player.radio_player - INFO - Volume set to 30%
2024-11-17 19:21:02,324 - src.hardware.rotary_handler - INFO - Volume up: 25 -> 30
2024-11-17 19:21:03,023 - src.player.radio_player - INFO - Volume set to 35%
2024-11-17 19:21:03,024 - src.hardware.rotary_handler - INFO - Volume up: 30 -> 35
2024-11-17 19:21:03,039 - src.player.radio_player - INFO - Volume set to 30%
2024-11-17 19:21:03,040 - src.hardware.rotary_handler - INFO - Volume down: 35 -> 30
2024-11-17 19:21:03,332 - src.player.radio_player - INFO - Volume set to 35%
2024-11-17 19:21:03,333 - src.hardware.rotary_handler - INFO - Volume up: 30 -> 35
2024-11-17 19:21:03,350 - src.player.radio_player - INFO - Volume set to 30%
2024-11-17 19:21:03,351 - src.hardware.rotary_handler - INFO - Volume down: 35 -> 30
2024-11-17 19:21:03,378 - src.player.radio_player - INFO - Volume set to 35%
2024-11-17 19:21:03,378 - src.hardware.rotary_handler - INFO - Volume up: 30 -> 35
2024-11-17 19:21:03,395 - src.player.radio_player - INFO - Volume set to 30%
2024-11-17 19:21:03,395 - src.hardware.rotary_handler - INFO - Volume down: 35 -> 30
2024-11-17 19:21:03,413 - src.player.radio_player - INFO - Volume set to 25%
2024-11-17 19:21:03,414 - src.hardware.rotary_handler - INFO - Volume down: 30 -> 25
2024-11-17 19:21:03,431 - src.player.radio_player - INFO - Volume set to 20%
2024-11-17 19:21:03,431 - src.hardware.rotary_handler - INFO - Volume down: 25 -> 20
2024-11-17 19:21:03,469 - src.player.radio_player - INFO - Volume set to 25%
2024-11-17 19:21:03,470 - src.hardware.rotary_handler - INFO - Volume up: 20 -> 25
2024-11-17 19:21:03,509 - src.player.radio_player - INFO - Volume set to 30%
2024-11-17 19:21:03,510 - src.hardware.rotary_handler - INFO - Volume up: 25 -> 30
2024-11-17 19:21:04,082 - src.player.radio_player - INFO - Volume set to 35%
2024-11-17 19:21:04,083 - src.hardware.rotary_handler - INFO - Volume up: 30 -> 35
2024-11-17 19:21:04,098 - src.player.radio_player - INFO - Volume set to 30%
2024-11-17 19:21:04,099 - src.hardware.rotary_handler - INFO - Volume down: 35 -> 30
2024-11-17 19:21:04,125 - src.player.radio_player - INFO - Volume set to 35%
2024-11-17 19:21:04,125 - src.hardware.rotary_handler - INFO - Volume up: 30 -> 35
2024-11-17 19:21:04,141 - src.player.radio_player - INFO - Volume set to 30%
2024-11-17 19:21:04,142 - src.hardware.rotary_handler - INFO - Volume down: 35 -> 30
2024-11-17 19:21:04,170 - src.player.radio_player - INFO - Volume set to 35%
2024-11-17 19:21:04,171 - src.hardware.rotary_handler - INFO - Volume up: 30 -> 35
2024-11-17 19:21:04,190 - src.player.radio_player - INFO - Volume set to 40%
2024-11-17 19:21:04,191 - src.hardware.rotary_handler - INFO - Volume up: 35 -> 40
2024-11-17 19:21:04,221 - src.player.radio_player - INFO - Volume set to 45%
2024-11-17 19:21:04,222 - src.hardware.rotary_handler - INFO - Volume up: 40 -> 45
2024-11-17 19:21:04,238 - src.player.radio_player - INFO - Volume set to 50%
2024-11-17 19:21:04,239 - src.hardware.rotary_handler - INFO - Volume up: 45 -> 50
2024-11-17 19:21:04,263 - src.player.radio_player - INFO - Volume set to 55%
2024-11-17 19:21:04,264 - src.hardware.rotary_handler - INFO - Volume up: 50 -> 55
2024-11-17 19:21:04,281 - src.player.radio_player - INFO - Volume set to 50%
2024-11-17 19:21:04,281 - src.hardware.rotary_handler - INFO - Volume down: 55 -> 50
2024-11-17 19:21:04,306 - src.player.radio_player - INFO - Volume set to 55%
2024-11-17 19:21:04,307 - src.hardware.rotary_handler - INFO - Volume up: 50 -> 55
2024-11-17 19:21:04,326 - src.player.radio_player - INFO - Volume set to 50%
2024-11-17 19:21:04,327 - src.hardware.rotary_handler - INFO - Volume down: 55 -> 50
2024-11-17 19:21:04,351 - src.player.radio_player - INFO - Volume set to 55%
2024-11-17 19:21:04,352 - src.hardware.rotary_handler - INFO - Volume up: 50 -> 55
2024-11-17 19:21:04,373 - src.player.radio_player - INFO - Volume set to 60%
2024-11-17 19:21:04,373 - src.hardware.rotary_handler - INFO - Volume up: 55 -> 60
2024-11-17 19:21:29,374 - src.app.routes - INFO - Received shutdown signal
2024-11-17 19:21:30,213 - src.app.routes - INFO - Creating global RadioService instance
2024-11-17 19:21:30,214 - src.app.radio_service - INFO - Initializing RadioService...
2024-11-17 19:21:30,287 - src.player.radio_player - INFO - Radio player initialized successfully
2024-11-17 19:21:30,293 - src.hardware.gpio_handler - INFO - GPIO Handler initialized successfully
2024-11-17 19:21:30,293 - src.hardware.gpio_handler - INFO - Initial pin states - Button1: 1, Button2: 1, Button3: 1
2024-11-17 19:21:30,295 - src.app.radio_service - INFO - Setting up GPIO handler dependencies...
2024-11-17 19:21:30,296 - src.app.radio_service - INFO - RadioService initialization complete
2024-11-17 19:21:30,296 - src.app.radio_service - INFO - GPIO handler initialized with player: <src.player.radio_player.RadioPlayer object at 0x7fa7905810>
2024-11-17 19:21:30,296 - src.app.radio_service - INFO - GPIO handler initialized with stream manager: <src.utils.stream_manager.StreamManager object at 0x7fa763a510>
2024-11-17 19:21:30,297 - src.app.routes - INFO - RadioService created successfully
2024-11-17 19:21:30,315 - werkzeug - INFO - [31m[1mWARNING: This is a development server. Do not use it in a production deployment. Use a production WSGI server instead.[0m
 * Running on all addresses (0.0.0.0)
 * Running on http://127.0.0.1:5000
 * Running on http://192.168.1.16:5000
2024-11-17 19:21:30,316 - werkzeug - INFO - [33mPress CTRL+C to quit[0m
2024-11-17 19:21:57,891 - src.app.routes - INFO - Status request - returning: {'state': 'stopped', 'current_station': None, 'volume': 80}
2024-11-17 19:21:57,895 - werkzeug - INFO - 192.168.1.5 - - [17/Nov/2024 19:21:57] "GET /api/status HTTP/1.1" 200 -
2024-11-17 19:22:57,880 - src.app.routes - INFO - Status request - returning: {'state': 'stopped', 'current_station': None, 'volume': 80}
2024-11-17 19:22:57,883 - werkzeug - INFO - 192.168.1.5 - - [17/Nov/2024 19:22:57] "GET /api/status HTTP/1.1" 200 -
2024-11-17 19:23:59,084 - src.app.routes - INFO - Status request - returning: {'state': 'stopped', 'current_station': None, 'volume': 80}
2024-11-17 19:23:59,085 - werkzeug - INFO - 192.168.1.5 - - [17/Nov/2024 19:23:59] "GET /api/status HTTP/1.1" 200 -
2024-11-17 19:24:57,879 - src.app.routes - INFO - Status request - returning: {'state': 'stopped', 'current_station': None, 'volume': 80}
2024-11-17 19:24:57,882 - werkzeug - INFO - 192.168.1.5 - - [17/Nov/2024 19:24:57] "GET /api/status HTTP/1.1" 200 -
2024-11-17 19:25:57,886 - src.app.routes - INFO - Status request - returning: {'state': 'stopped', 'current_station': None, 'volume': 80}
2024-11-17 19:25:57,888 - werkzeug - INFO - 192.168.1.5 - - [17/Nov/2024 19:25:57] "GET /api/status HTTP/1.1" 200 -
2024-11-17 19:26:57,884 - src.app.routes - INFO - Status request - returning: {'state': 'stopped', 'current_station': None, 'volume': 80}
2024-11-17 19:26:57,887 - werkzeug - INFO - 192.168.1.5 - - [17/Nov/2024 19:26:57] "GET /api/status HTTP/1.1" 200 -
2024-11-17 19:27:59,010 - src.app.routes - INFO - Status request - returning: {'state': 'stopped', 'current_station': None, 'volume': 80}
2024-11-17 19:27:59,011 - werkzeug - INFO - 192.168.1.5 - - [17/Nov/2024 19:27:59] "GET /api/status HTTP/1.1" 200 -
2024-11-17 19:28:57,888 - src.app.routes - INFO - Status request - returning: {'state': 'stopped', 'current_station': None, 'volume': 80}
2024-11-17 19:28:57,892 - werkzeug - INFO - 192.168.1.5 - - [17/Nov/2024 19:28:57] "GET /api/status HTTP/1.1" 200 -
2024-11-17 19:29:57,884 - src.app.routes - INFO - Status request - returning: {'state': 'stopped', 'current_station': None, 'volume': 80}
2024-11-17 19:29:57,885 - werkzeug - INFO - 192.168.1.5 - - [17/Nov/2024 19:29:57] "GET /api/status HTTP/1.1" 200 -
2024-11-17 19:30:57,885 - src.app.routes - INFO - Status request - returning: {'state': 'stopped', 'current_station': None, 'volume': 80}
2024-11-17 19:30:57,887 - werkzeug - INFO - 192.168.1.5 - - [17/Nov/2024 19:30:57] "GET /api/status HTTP/1.1" 200 -
2024-11-17 19:31:58,633 - src.app.routes - INFO - Status request - returning: {'state': 'stopped', 'current_station': None, 'volume': 80}
2024-11-17 19:31:58,635 - werkzeug - INFO - 192.168.1.5 - - [17/Nov/2024 19:31:58] "GET /api/status HTTP/1.1" 200 -
2024-11-17 19:32:57,883 - src.app.routes - INFO - Status request - returning: {'state': 'stopped', 'current_station': None, 'volume': 80}
2024-11-17 19:32:57,885 - werkzeug - INFO - 192.168.1.5 - - [17/Nov/2024 19:32:57] "GET /api/status HTTP/1.1" 200 -
2024-11-17 19:33:59,052 - src.app.routes - INFO - Status request - returning: {'state': 'stopped', 'current_station': None, 'volume': 80}
2024-11-17 19:33:59,053 - werkzeug - INFO - 192.168.1.5 - - [17/Nov/2024 19:33:59] "GET /api/status HTTP/1.1" 200 -
2024-11-17 19:34:57,887 - src.app.routes - INFO - Status request - returning: {'state': 'stopped', 'current_station': None, 'volume': 80}
2024-11-17 19:34:57,889 - werkzeug - INFO - 192.168.1.5 - - [17/Nov/2024 19:34:57] "GET /api/status HTTP/1.1" 200 -
2024-11-17 19:35:57,894 - src.app.routes - INFO - Status request - returning: {'state': 'stopped', 'current_station': None, 'volume': 80}
2024-11-17 19:35:57,896 - werkzeug - INFO - 192.168.1.5 - - [17/Nov/2024 19:35:57] "GET /api/status HTTP/1.1" 200 -
2024-11-17 19:36:57,881 - src.app.routes - INFO - Status request - returning: {'state': 'stopped', 'current_station': None, 'volume': 80}
2024-11-17 19:36:57,883 - werkzeug - INFO - 192.168.1.5 - - [17/Nov/2024 19:36:57] "GET /api/status HTTP/1.1" 200 -
2024-11-17 19:37:58,755 - src.app.routes - INFO - Status request - returning: {'state': 'stopped', 'current_station': None, 'volume': 80}
2024-11-17 19:37:58,758 - werkzeug - INFO - 192.168.1.5 - - [17/Nov/2024 19:37:58] "GET /api/status HTTP/1.1" 200 -
2024-11-17 19:38:57,884 - src.app.routes - INFO - Status request - returning: {'state': 'stopped', 'current_station': None, 'volume': 80}
2024-11-17 19:38:57,885 - werkzeug - INFO - 192.168.1.5 - - [17/Nov/2024 19:38:57] "GET /api/status HTTP/1.1" 200 -
2024-11-17 19:39:59,401 - src.app.routes - INFO - Status request - returning: {'state': 'stopped', 'current_station': None, 'volume': 80}
2024-11-17 19:39:59,404 - werkzeug - INFO - 192.168.1.5 - - [17/Nov/2024 19:39:59] "GET /api/status HTTP/1.1" 200 -
2024-11-17 19:40:57,884 - src.app.routes - INFO - Status request - returning: {'state': 'stopped', 'current_station': None, 'volume': 80}
2024-11-17 19:40:57,886 - werkzeug - INFO - 192.168.1.5 - - [17/Nov/2024 19:40:57] "GET /api/status HTTP/1.1" 200 -
2024-11-17 19:41:57,889 - src.app.routes - INFO - Status request - returning: {'state': 'stopped', 'current_station': None, 'volume': 80}
2024-11-17 19:41:57,891 - werkzeug - INFO - 192.168.1.5 - - [17/Nov/2024 19:41:57] "GET /api/status HTTP/1.1" 200 -
